Arguments: 
  /Users/aduchate/.nvm/versions/node/v15.14.0/bin/node /Users/aduchate/.nvm/versions/node/v15.14.0/bin/yarn add @rsocket/composite-metadata

PATH: 
  /Users/aduchate/.sdkman/candidates/java/current/bin:/Users/aduchate/.sdkman/candidates/groovy/current/bin:/Users/aduchate/.sdkman/candidates/gradle/current/bin:/Users/aduchate/.pyenv/shims:/opt/gcloud/google-cloud-sdk/bin:/Users/aduchate/.nvm/versions/node/v15.14.0/bin:/usr/local/bin:/usr/bin:/bin:/usr/sbin:/sbin:/Applications/VMware Fusion.app/Contents/Public:/usr/local/go/bin:/opt/X11/bin:/Library/Apple/usr/bin:/Applications/Wireshark.app/Contents/MacOS:/Users/aduchate/Sources/icure/icure-medical-device-js-sdk/node_modules/.bin

Yarn version: 
  1.22.11

Node version: 
  15.14.0

Platform: 
  darwin x64

Trace: 
  Error: https://registry.yarnpkg.com/@rsocket%2fcomposite-metadata: Not found
      at Request.params.callback [as _callback] (/Users/aduchate/.nvm/versions/node/v15.14.0/lib/node_modules/yarn/lib/cli.js:66992:18)
      at Request.self.callback (/Users/aduchate/.nvm/versions/node/v15.14.0/lib/node_modules/yarn/lib/cli.js:140763:22)
      at Request.emit (node:events:369:20)
      at Request.<anonymous> (/Users/aduchate/.nvm/versions/node/v15.14.0/lib/node_modules/yarn/lib/cli.js:141735:10)
      at Request.emit (node:events:369:20)
      at IncomingMessage.<anonymous> (/Users/aduchate/.nvm/versions/node/v15.14.0/lib/node_modules/yarn/lib/cli.js:141657:12)
      at Object.onceWrapper (node:events:475:28)
      at IncomingMessage.emit (node:events:381:22)
      at endReadableNT (node:internal/streams/readable:1307:12)
      at processTicksAndRejections (node:internal/process/task_queues:81:21)

npm manifest: 
  {
    "name": "@icure/medical-device-sdk",
    "version": "0.1.1",
    "description": "OpenAPI client for ",
    "author": "OpenAPI-Generator Contributors",
    "keywords": [
      "fetch",
      "typescript",
      "openapi-client",
      "openapi-generator"
    ],
    "license": "Unlicense",
    "main": "./dist/index.js",
    "typings": "./dist/index.d.ts",
    "scripts": {
      "build": "tsc",
      "prepare": "rimraf dist && npm run build && jq '{name:.name, version:.version, description:.description, main:\"index.js\", types:\"index.d.ts\", dependencies:.dependencies, author:.author, license:.license, bugs:.bugs, homepage:.homepage}' < package.json > dist/package.json",
      "publish": "yarn version && yarn run prepare && cd dist && yarn publish --no-git-tag-version --new-version `git describe --abbrev=0 --tags` && cd ..",
      "precommit": "pretty-quick --staged"
    },
    "dependencies": {
      "@icure/api": "^4.0.90",
      "date-fns": "^2.28.0",
      "es6-promise": "^4.2.4"
    },
    "devDependencies": {
      "rimraf": "^3.0.2",
      "typescript": "^4.5.5"
    }
  }

yarn manifest: 
  No manifest

Lockfile: 
  # THIS IS AN AUTOGENERATED FILE. DO NOT EDIT THIS FILE DIRECTLY.
  # yarn lockfile v1
  
  
  "@icure/api@^4.0.90":
    version "4.0.90"
    resolved "https://registry.yarnpkg.com/@icure/api/-/api-4.0.90.tgz#8dca23e295f72b59f4a699bde1a29675bc81c64c"
    integrity sha512-3rK9FoBgfFSHEeNbIRo2AKU9qPZVpRsiMdWM1keQHUp87xCmtg/KtcgoV0mp+bq/Js4DHCrct0vEamUpcWaWRg==
    dependencies:
      date-fns "^2.23.0"
      libphonenumber-js "^1.7.18"
      lodash "^4.17.20"
      moment "^2.22.1"
      text-encoding "^0.7.0"
      uuid-encoder "^1.1.0"
  
  balanced-match@^1.0.0:
    version "1.0.2"
    resolved "https://registry.yarnpkg.com/balanced-match/-/balanced-match-1.0.2.tgz#e83e3a7e3f300b34cb9d87f615fa0cbf357690ee"
    integrity sha512-3oSeUO0TMV67hN1AmbXsK4yaqU7tjiHlbxRDZOpH0KW9+CeX4bRAaX0Anxt0tx2MrpRpWwQaPwIlISEJhYU5Pw==
  
  big-integer@^1.6.46:
    version "1.6.51"
    resolved "https://registry.yarnpkg.com/big-integer/-/big-integer-1.6.51.tgz#0df92a5d9880560d3ff2d5fd20245c889d130686"
    integrity sha512-GPEid2Y9QU1Exl1rpO9B2IPJGHPSupF5GnVIP0blYvNOMer2bTvSWs1jGOUg04hTmu67nmLsQ9TBo1puaotBHg==
  
  brace-expansion@^1.1.7:
    version "1.1.11"
    resolved "https://registry.yarnpkg.com/brace-expansion/-/brace-expansion-1.1.11.tgz#3c7fcbf529d87226f3d2f52b966ff5271eb441dd"
    integrity sha512-iCuPHDFgrHX7H2vEI/5xpz07zSHB00TpugqhmYtVmMO6518mCuRMoOYFldEBl0g187ufozdaHgWKcYFb61qGiA==
    dependencies:
      balanced-match "^1.0.0"
      concat-map "0.0.1"
  
  concat-map@0.0.1:
    version "0.0.1"
    resolved "https://registry.yarnpkg.com/concat-map/-/concat-map-0.0.1.tgz#d8a96bd77fd68df7793a73036a3ba0d5405d477b"
    integrity sha1-2Klr13/Wjfd5OnMDajug1UBdR3s=
  
  date-fns@^2.23.0, date-fns@^2.28.0:
    version "2.28.0"
    resolved "https://registry.yarnpkg.com/date-fns/-/date-fns-2.28.0.tgz#9570d656f5fc13143e50c975a3b6bbeb46cd08b2"
    integrity sha512-8d35hViGYx/QH0icHYCeLmsLmMUheMmTyV9Fcm6gvNwdw31yXXH+O85sOBJ+OLnLQMKZowvpKb6FgMIQjcpvQw==
  
  es6-promise@^4.2.4:
    version "4.2.8"
    resolved "https://registry.yarnpkg.com/es6-promise/-/es6-promise-4.2.8.tgz#4eb21594c972bc40553d276e510539143db53e0a"
    integrity sha512-HJDGx5daxeIvxdBxvG2cb9g4tEvwIk3i8+nhX0yGrYmZUzbkdg8QbDevheDB8gd0//uPj4c1EQua8Q+MViT0/w==
  
  fs.realpath@^1.0.0:
    version "1.0.0"
    resolved "https://registry.yarnpkg.com/fs.realpath/-/fs.realpath-1.0.0.tgz#1504ad2523158caa40db4a2787cb01411994ea4f"
    integrity sha1-FQStJSMVjKpA20onh8sBQRmU6k8=
  
  glob@^7.1.3:
    version "7.2.0"
    resolved "https://registry.yarnpkg.com/glob/-/glob-7.2.0.tgz#d15535af7732e02e948f4c41628bd910293f6023"
    integrity sha512-lmLf6gtyrPq8tTjSmrO94wBeQbFR3HbLHbuyD69wuyQkImp2hWqMGB47OX65FBkPffO641IP9jWa1z4ivqG26Q==
    dependencies:
      fs.realpath "^1.0.0"
      inflight "^1.0.4"
      inherits "2"
      minimatch "^3.0.4"
      once "^1.3.0"
      path-is-absolute "^1.0.0"
  
  inflight@^1.0.4:
    version "1.0.6"
    resolved "https://registry.yarnpkg.com/inflight/-/inflight-1.0.6.tgz#49bd6331d7d02d0c09bc910a1075ba8165b56df9"
    integrity sha1-Sb1jMdfQLQwJvJEKEHW6gWW1bfk=
    dependencies:
      once "^1.3.0"
      wrappy "1"
  
  inherits@2:
    version "2.0.4"
    resolved "https://registry.yarnpkg.com/inherits/-/inherits-2.0.4.tgz#0fa2c64f932917c3433a0ded55363aae37416b7c"
    integrity sha512-k/vGaX4/Yla3WzyMCvTQOXYeIHvqOKtnqBduzTHpzpQZzAskKMhZ2K+EnBiSM9zGSoIFeMpXKxa4dYeZIQqewQ==
  
  libphonenumber-js@^1.7.18:
    version "1.9.49"
    resolved "https://registry.yarnpkg.com/libphonenumber-js/-/libphonenumber-js-1.9.49.tgz#d431703cd699be2ccced5b95f26182a7c50a9227"
    integrity sha512-/wEOIONcVboFky+lWlCaF7glm1FhBz11M5PHeCApA+xDdVfmhKjHktHS8KjyGxouV5CSXIr4f3GvLSpJa4qMSg==
  
  lodash@^4.17.20:
    version "4.17.21"
    resolved "https://registry.yarnpkg.com/lodash/-/lodash-4.17.21.tgz#679591c564c3bffaae8454cf0b3df370c3d6911c"
    integrity sha512-v2kDEe57lecTulaDIuNTPy3Ry4gLGJ6Z1O3vE1krgXZNrsQ+LFTGHVxVjcXPs17LhbZVGedAJv8XZ1tvj5FvSg==
  
  minimatch@^3.0.4:
    version "3.1.2"
    resolved "https://registry.yarnpkg.com/minimatch/-/minimatch-3.1.2.tgz#19cd194bfd3e428f049a70817c038d89ab4be35b"
    integrity sha512-J7p63hRiAjw1NDEww1W7i37+ByIrOWO5XQQAzZ3VOcL0PNybwpfmV/N05zFAzwQ9USyEcX6t3UO+K5aqBQOIHw==
    dependencies:
      brace-expansion "^1.1.7"
  
  moment@^2.22.1:
    version "2.29.1"
    resolved "https://registry.yarnpkg.com/moment/-/moment-2.29.1.tgz#b2be769fa31940be9eeea6469c075e35006fa3d3"
    integrity sha512-kHmoybcPV8Sqy59DwNDY3Jefr64lK/by/da0ViFcuA4DH0vQg5Q6Ze5VimxkfQNSC+Mls/Kx53s7TjP1RhFEDQ==
  
  once@^1.3.0:
    version "1.4.0"
    resolved "https://registry.yarnpkg.com/once/-/once-1.4.0.tgz#583b1aa775961d4b113ac17d9c50baef9dd76bd1"
    integrity sha1-WDsap3WWHUsROsF9nFC6753Xa9E=
    dependencies:
      wrappy "1"
  
  path-is-absolute@^1.0.0:
    version "1.0.1"
    resolved "https://registry.yarnpkg.com/path-is-absolute/-/path-is-absolute-1.0.1.tgz#174b9268735534ffbc7ace6bf53a5a9e1b5c5f5f"
    integrity sha1-F0uSaHNVNP+8es5r9TpanhtcX18=
  
  rimraf@^3.0.2:
    version "3.0.2"
    resolved "https://registry.yarnpkg.com/rimraf/-/rimraf-3.0.2.tgz#f1a5402ba6220ad52cc1282bac1ae3aa49fd061a"
    integrity sha512-JZkJMZkAGFFPP2YqXZXPbMlMBgsxzE8ILs4lMIX/2o0L9UBw9O/Y3o6wFw/i9YLapcUJWwqbi3kdxIPdC62TIA==
    dependencies:
      glob "^7.1.3"
  
  text-encoding@^0.7.0:
    version "0.7.0"
    resolved "https://registry.yarnpkg.com/text-encoding/-/text-encoding-0.7.0.tgz#f895e836e45990624086601798ea98e8f36ee643"
    integrity sha512-oJQ3f1hrOnbRLOcwKz0Liq2IcrvDeZRHXhd9RgLrsT+DjWY/nty1Hi7v3dtkaEYbPYe0mUoOfzRrMwfXXwgPUA==
  
  typescript@^4.5.5:
    version "4.5.5"
    resolved "https://registry.yarnpkg.com/typescript/-/typescript-4.5.5.tgz#d8c953832d28924a9e3d37c73d729c846c5896f3"
    integrity sha512-TCTIul70LyWe6IJWT8QSYeA54WQe8EjQFU4wY52Fasj5UKx88LNYKCgBEHcOMOrFF1rKGbD8v/xcNWVUq9SymA==
  
  uuid-encoder@^1.1.0:
    version "1.2.0"
    resolved "https://registry.yarnpkg.com/uuid-encoder/-/uuid-encoder-1.2.0.tgz#5ee1585b6edb4c56d5a65e3439e602baeff43cc2"
    integrity sha512-uL/aXk+EFP0wxDjOuPulXo5LV8y6jqFX3yCGxm0qN041bJZ1jfOgqagkkOzZ4h5atYdezhyQuw6CWt6+og0pmQ==
    dependencies:
      big-integer "^1.6.46"
  
  wrappy@1:
    version "1.0.2"
    resolved "https://registry.yarnpkg.com/wrappy/-/wrappy-1.0.2.tgz#b5243d8f3ec1aa35f1364605bc0d1036e30ab69f"
    integrity sha1-tSQ9jz7BqjXxNkYFvA0QNuMKtp8=
